[2020-07-15T15:25:55.144] [DEBUG] cheese - login => username:zs,password:admin123
[2020-07-15T15:25:55.163] [DEBUG] cheese - zs
[2020-07-15T15:25:55.549] [DEBUG] cheese - null
[2020-07-15T15:25:55.625] [DEBUG] cheese - null
[2020-07-15T15:26:07.708] [DEBUG] cheese - login => username:root,password:admin123
[2020-07-15T15:26:07.709] [DEBUG] cheese - root
[2020-07-15T15:26:07.726] [DEBUG] cheese - null
[2020-07-15T15:26:07.727] [DEBUG] cheese - null
[2020-07-15T15:26:28.902] [DEBUG] cheese - login => username:admin123
,password:admin123
[2020-07-15T15:26:28.903] [DEBUG] cheese - admin123

[2020-07-15T15:26:28.928] [DEBUG] cheese - null
[2020-07-15T15:26:28.929] [DEBUG] cheese - null
[2020-07-15T15:26:46.452] [DEBUG] cheese - login => username:admin
,password:123456
[2020-07-15T15:26:46.452] [DEBUG] cheese - admin

[2020-07-15T15:26:46.486] [DEBUG] cheese - null
[2020-07-15T15:26:46.486] [DEBUG] cheese - null
[2020-07-15T15:26:57.302] [DEBUG] cheese - login => username:admin
,password:123456
[2020-07-15T15:26:57.303] [DEBUG] cheese - admin

[2020-07-15T15:26:57.329] [DEBUG] cheese - null
[2020-07-15T15:26:57.330] [DEBUG] cheese - null
[2020-07-15T15:27:07.285] [DEBUG] cheese - login => username:admin
,password:admin123
[2020-07-15T15:27:07.286] [DEBUG] cheese - admin

[2020-07-15T15:27:07.293] [DEBUG] cheese - null
[2020-07-15T15:27:07.295] [DEBUG] cheese - null
[2020-07-15T15:31:17.600] [DEBUG] cheese - login => username:root
,password:admin
[2020-07-15T15:31:17.605] [DEBUG] cheese - root

[2020-07-15T15:31:17.709] [DEBUG] cheese - null
[2020-07-15T15:31:17.710] [DEBUG] cheese - null
[2020-07-15T15:31:23.443] [DEBUG] cheese - login => username:root
,password:admin123
[2020-07-15T15:31:23.443] [DEBUG] cheese - root

[2020-07-15T15:31:23.473] [DEBUG] cheese - null
[2020-07-15T15:31:23.473] [DEBUG] cheese - null
[2020-07-15T15:31:30.624] [DEBUG] cheese - login => username:root
,password:123456
[2020-07-15T15:31:30.625] [DEBUG] cheese - root

[2020-07-15T15:31:30.635] [DEBUG] cheese - null
[2020-07-15T15:31:30.635] [DEBUG] cheese - null
[2020-07-15T15:32:50.656] [DEBUG] cheese - login => username:admin,password:123456
[2020-07-15T15:32:50.656] [DEBUG] cheese - admin
[2020-07-15T15:32:50.738] [DEBUG] cheese - null
[2020-07-15T15:32:50.738] [DEBUG] cheese - null
[2020-07-15T15:51:27.313] [DEBUG] cheese - login => username:admin1,password:123456
[2020-07-15T15:51:27.317] [DEBUG] cheese - admin1
[2020-07-15T15:51:27.345] [DEBUG] cheese - null
[2020-07-15T15:51:27.346] [DEBUG] cheese - null
[2020-07-15T15:51:32.843] [DEBUG] cheese - login => username:admin,password:123456
[2020-07-15T15:51:32.843] [DEBUG] cheese - admin
[2020-07-15T15:51:32.896] [DEBUG] cheese - null
[2020-07-15T15:51:32.896] [DEBUG] cheese - null
[2020-07-16T18:47:09.565] [DEBUG] cheese - login => username:zs11,password:123456
[2020-07-16T18:47:09.718] [DEBUG] cheese - zs11
[2020-07-16T18:47:12.396] [DEBUG] cheese - null
[2020-07-16T18:47:12.397] [DEBUG] cheese - null
[2020-07-16T18:48:01.086] [DEBUG] cheese - login => username:zs111,password:123456
[2020-07-16T18:48:01.086] [DEBUG] cheese - zs111
[2020-07-16T18:48:01.104] [DEBUG] cheese - null
[2020-07-16T18:48:01.105] [DEBUG] cheese - null
[2020-07-16T18:48:56.356] [DEBUG] cheese - login => username:zs111,password:123456
[2020-07-16T18:48:56.356] [DEBUG] cheese - zs111
[2020-07-16T18:48:56.376] [DEBUG] cheese - null
[2020-07-16T18:48:56.377] [DEBUG] cheese - null
[2020-07-16T18:49:50.914] [DEBUG] cheese - login => username:zs111,password:123456
[2020-07-16T18:49:50.915] [DEBUG] cheese - zs111
[2020-07-16T18:49:50.938] [DEBUG] cheese - null
[2020-07-16T18:49:50.939] [DEBUG] cheese - null
[2020-07-16T18:50:02.715] [DEBUG] cheese - login => username:admin,password:123456
[2020-07-16T18:50:02.715] [DEBUG] cheese - admin
[2020-07-16T18:50:02.776] [DEBUG] cheese - null
[2020-07-16T18:50:02.778] [DEBUG] cheese - null
[2020-07-16T18:52:05.439] [DEBUG] cheese - login => username:zs1,password:123456
[2020-07-16T18:52:05.439] [DEBUG] cheese - zs1
[2020-07-16T18:52:05.452] [DEBUG] cheese - null
[2020-07-16T18:52:05.452] [DEBUG] cheese - null
[2020-07-16T18:52:35.702] [DEBUG] cheese - login => username:zs1,password:123456
[2020-07-16T18:52:35.702] [DEBUG] cheese - zs1
[2020-07-16T18:52:35.724] [DEBUG] cheese - null
[2020-07-16T18:52:35.725] [DEBUG] cheese - null
[2020-07-16T18:53:55.246] [DEBUG] cheese - login => username:zs111,password:123456
[2020-07-16T18:53:55.247] [DEBUG] cheese - zs111
[2020-07-16T18:53:55.263] [DEBUG] cheese - null
[2020-07-16T18:53:55.263] [DEBUG] cheese - null
[2020-07-16T18:54:01.427] [DEBUG] cheese - login => username:admin,password:123456
[2020-07-16T18:54:01.428] [DEBUG] cheese - admin
[2020-07-16T18:54:01.437] [DEBUG] cheese - null
[2020-07-16T18:54:01.437] [DEBUG] cheese - null
[2020-07-16T19:02:26.915] [DEBUG] cheese - login => username:zs1,password:123456
[2020-07-16T19:02:26.916] [DEBUG] cheese - zs1
[2020-07-16T19:02:26.929] [DEBUG] cheese - null
[2020-07-16T19:02:26.930] [DEBUG] cheese - null
[2020-07-16T19:02:32.768] [DEBUG] cheese - login => username:admin,password:123456
[2020-07-16T19:02:32.768] [DEBUG] cheese - admin
[2020-07-16T19:02:32.776] [DEBUG] cheese - null
[2020-07-16T19:02:32.777] [DEBUG] cheese - null
[2020-07-16T19:08:05.624] [DEBUG] cheese - login => username:admin,password:123456
[2020-07-16T19:08:05.624] [DEBUG] cheese - admin
[2020-07-16T19:08:05.650] [DEBUG] cheese - null
[2020-07-16T19:08:05.651] [DEBUG] cheese - null
[2020-07-16T19:08:11.312] [DEBUG] cheese - login => username:admin,password:123456
[2020-07-16T19:08:11.312] [DEBUG] cheese - admin
[2020-07-16T19:08:11.354] [DEBUG] cheese - null
[2020-07-16T19:08:11.354] [DEBUG] cheese - null
[2020-07-16T19:08:25.931] [DEBUG] cheese - login => username:admin,password:123456
[2020-07-16T19:08:25.932] [DEBUG] cheese - admin
[2020-07-16T19:08:25.950] [DEBUG] cheese - null
[2020-07-16T19:08:25.952] [DEBUG] cheese - null
[2020-07-16T19:11:16.808] [DEBUG] cheese - login => username:admin,password:123456
[2020-07-16T19:11:16.809] [DEBUG] cheese - admin
[2020-07-16T19:11:16.850] [DEBUG] cheese - null
[2020-07-16T19:11:16.850] [DEBUG] cheese - null
[2020-07-16T19:12:34.596] [DEBUG] cheese - login => username:admin,password:123456
[2020-07-16T19:12:34.596] [DEBUG] cheese - admin
[2020-07-16T19:12:34.605] [DEBUG] cheese - null
[2020-07-16T19:12:34.606] [DEBUG] cheese - null
[2020-07-16T19:12:41.972] [DEBUG] cheese - login => username:admin,password:123456
[2020-07-16T19:12:41.972] [DEBUG] cheese - admin
[2020-07-16T19:12:41.994] [DEBUG] cheese - null
[2020-07-16T19:12:41.995] [DEBUG] cheese - null
[2020-07-16T19:14:37.101] [DEBUG] cheese - login => username:admin,password:123456
[2020-07-16T19:14:37.101] [DEBUG] cheese - admin
[2020-07-16T19:14:37.113] [DEBUG] cheese - null
[2020-07-16T19:14:37.114] [DEBUG] cheese - null
[2020-07-16T19:15:22.700] [DEBUG] cheese - login => username:admin,password:123456
[2020-07-16T19:15:22.700] [DEBUG] cheese - admin
[2020-07-16T19:15:22.719] [DEBUG] cheese - null
[2020-07-16T19:15:22.719] [DEBUG] cheese - null
[2020-07-16T19:19:59.451] [DEBUG] cheese - login => username:admin,password:123456
[2020-07-16T19:19:59.452] [DEBUG] cheese - admin
[2020-07-16T19:19:59.490] [DEBUG] cheese - null
[2020-07-16T19:19:59.490] [DEBUG] cheese - null
[2020-07-16T19:30:19.830] [DEBUG] cheese - login => username:admin,password:123456
[2020-07-16T19:30:19.831] [DEBUG] cheese - admin
[2020-07-16T19:30:19.849] [DEBUG] cheese - null
[2020-07-16T19:30:19.849] [DEBUG] cheese - null
[2020-07-16T19:57:46.428] [DEBUG] cheese - login => username:admin,password:123456
[2020-07-16T19:57:46.431] [DEBUG] cheese - admin
[2020-07-16T19:57:46.677] [DEBUG] cheese - null
[2020-07-16T19:57:46.679] [DEBUG] cheese - null
[2020-07-16T20:42:26.199] [DEBUG] cheese - login => username:admin,password:123456
[2020-07-16T20:42:26.203] [DEBUG] cheese - admin
[2020-07-16T20:42:26.749] [DEBUG] cheese - null
[2020-07-16T20:42:26.750] [DEBUG] cheese - null
[2020-07-17T09:07:09.107] [DEBUG] cheese - login => username:admin,password:123456
[2020-07-17T09:07:09.161] [DEBUG] cheese - admin
[2020-07-17T09:07:09.656] [DEBUG] cheese - null
[2020-07-17T09:07:09.658] [DEBUG] cheese - null
[2020-07-17T09:14:28.794] [DEBUG] cheese - login => username:admin,password:123456
[2020-07-17T09:14:28.794] [DEBUG] cheese - admin
[2020-07-17T09:14:28.804] [DEBUG] cheese - null
[2020-07-17T09:14:28.806] [DEBUG] cheese - null
[2020-07-17T09:48:00.022] [DEBUG] cheese - login => username:admin,password:123456
[2020-07-17T09:48:00.030] [DEBUG] cheese - admin
[2020-07-17T09:48:00.677] [DEBUG] cheese - null
[2020-07-17T09:48:00.678] [DEBUG] cheese - null
[2020-07-17T09:53:30.218] [DEBUG] cheese - login => username:admin,password:123456
[2020-07-17T09:53:30.219] [DEBUG] cheese - admin
[2020-07-17T09:53:30.285] [DEBUG] cheese - null
[2020-07-17T09:53:30.286] [DEBUG] cheese - null
[2020-07-17T09:53:36.092] [DEBUG] cheese - login => username:admin,password:123456
[2020-07-17T09:53:36.092] [DEBUG] cheese - admin
[2020-07-17T09:53:36.121] [DEBUG] cheese - null
[2020-07-17T09:53:36.121] [DEBUG] cheese - null
[2020-07-17T10:24:22.275] [DEBUG] cheese - login => username:admin,password:123456
[2020-07-17T10:24:22.276] [DEBUG] cheese - admin
[2020-07-17T10:24:22.313] [DEBUG] cheese - null
[2020-07-17T10:24:22.313] [DEBUG] cheese - null
[2020-07-17T11:02:59.052] [DEBUG] cheese - login => username:admin,password:123456
[2020-07-17T11:02:59.053] [DEBUG] cheese - admin
[2020-07-17T11:02:59.165] [DEBUG] cheese - null
[2020-07-17T11:02:59.165] [DEBUG] cheese - null
[2020-07-17T11:07:12.220] [DEBUG] cheese - login => username:admin,password:123456
[2020-07-17T11:07:12.221] [DEBUG] cheese - admin
[2020-07-17T11:07:12.231] [DEBUG] cheese - null
[2020-07-17T11:07:12.231] [DEBUG] cheese - null
[2020-07-17T11:09:32.871] [DEBUG] cheese - login => username:admin,password:123456
[2020-07-17T11:09:32.872] [DEBUG] cheese - admin
[2020-07-17T11:09:33.133] [DEBUG] cheese - null
[2020-07-17T11:09:33.133] [DEBUG] cheese - null
[2020-07-17T14:07:04.174] [DEBUG] cheese - login => username:admin,password:123456
[2020-07-17T14:07:04.179] [DEBUG] cheese - admin
[2020-07-17T14:07:04.363] [DEBUG] cheese - null
[2020-07-17T14:07:04.364] [DEBUG] cheese - null
[2020-07-17T14:44:57.750] [DEBUG] cheese - login => username:admin,password:123456
[2020-07-17T14:44:58.080] [DEBUG] cheese - admin
[2020-07-17T14:44:58.562] [DEBUG] cheese - null
[2020-07-17T14:44:58.562] [DEBUG] cheese - null
[2020-07-17T14:45:25.171] [DEBUG] cheese - login => username:admin,password:123456
[2020-07-17T14:45:25.171] [DEBUG] cheese - admin
[2020-07-17T14:45:25.266] [DEBUG] cheese - null
[2020-07-17T14:45:25.267] [DEBUG] cheese - null
[2020-07-17T14:47:02.687] [DEBUG] cheese - login => username:admin,password:123456
[2020-07-17T14:47:02.688] [DEBUG] cheese - admin
[2020-07-17T14:47:02.699] [DEBUG] cheese - null
[2020-07-17T14:47:02.700] [DEBUG] cheese - null
[2020-07-17T14:53:24.953] [DEBUG] cheese - login => username:admin,password:123456
[2020-07-17T14:53:24.969] [DEBUG] cheese - admin
[2020-07-17T14:53:25.019] [DEBUG] cheese - null
[2020-07-17T14:53:25.021] [DEBUG] cheese - null
[2020-07-17T15:00:51.155] [DEBUG] cheese - login => username:admin,password:123456
[2020-07-17T15:00:51.155] [DEBUG] cheese - admin
[2020-07-17T15:00:51.165] [DEBUG] cheese - null
[2020-07-17T15:00:51.165] [DEBUG] cheese - null
[2020-07-17T15:18:47.090] [DEBUG] cheese - login => username:admin,password:123456
[2020-07-17T15:18:47.091] [DEBUG] cheese - admin
[2020-07-17T15:18:47.114] [DEBUG] cheese - null
[2020-07-17T15:18:47.114] [DEBUG] cheese - null
[2020-07-17T15:18:52.100] [DEBUG] cheese - login => username:admin,password:123456
[2020-07-17T15:18:52.101] [DEBUG] cheese - admin
[2020-07-17T15:18:52.107] [DEBUG] cheese - null
[2020-07-17T15:18:52.107] [DEBUG] cheese - null
[2020-07-17T15:55:38.125] [DEBUG] cheese - login => username:admin,password:123456
[2020-07-17T15:55:38.127] [DEBUG] cheese - admin
[2020-07-17T15:55:38.138] [DEBUG] cheese - null
[2020-07-17T15:55:38.138] [DEBUG] cheese - null
[2020-07-17T16:52:08.590] [DEBUG] cheese - login => username:admin,password:123456
[2020-07-17T16:52:08.591] [DEBUG] cheese - admin
[2020-07-17T16:52:08.602] [DEBUG] cheese - null
[2020-07-17T16:52:08.602] [DEBUG] cheese - null
[2020-07-17T16:58:38.668] [DEBUG] cheese - login => username:admin,password:123456
[2020-07-17T16:58:38.669] [DEBUG] cheese - admin
[2020-07-17T16:58:38.675] [DEBUG] cheese - null
[2020-07-17T16:58:38.675] [DEBUG] cheese - null
[2020-07-17T17:26:22.226] [DEBUG] cheese - login => username:admin,password:123456
[2020-07-17T17:26:22.227] [DEBUG] cheese - admin
[2020-07-17T17:26:22.241] [DEBUG] cheese - null
[2020-07-17T17:26:22.241] [DEBUG] cheese - null
[2020-07-18T09:48:06.837] [DEBUG] cheese - login => username:admin,password:123456
[2020-07-18T09:48:06.841] [DEBUG] cheese - admin
[2020-07-18T09:48:07.071] [DEBUG] cheese - null
[2020-07-18T09:48:07.073] [DEBUG] cheese - null
[2020-07-18T18:31:41.518] [DEBUG] cheese - login => username:admin,password:123456
[2020-07-18T18:31:41.522] [DEBUG] cheese - admin
[2020-07-18T18:31:41.843] [DEBUG] cheese - null
[2020-07-18T18:31:41.843] [DEBUG] cheese - null
[2020-07-19T09:00:39.152] [DEBUG] cheese - login => username:admin,password:123456
[2020-07-19T09:00:39.166] [DEBUG] cheese - admin
[2020-07-19T09:00:45.699] [DEBUG] cheese - null
[2020-07-19T09:00:45.700] [DEBUG] cheese - null
[2020-07-19T18:30:44.165] [DEBUG] cheese - login => username:admin,password:123456
[2020-07-19T18:30:44.208] [DEBUG] cheese - admin
[2020-07-19T18:30:45.378] [DEBUG] cheese - { inspect: [Function: inspect] }
[2020-07-19T18:30:45.431] [DEBUG] cheese - 查询失败
[2020-07-19T18:30:50.512] [DEBUG] cheese - login => username:admin,password:123456
[2020-07-19T18:30:50.512] [DEBUG] cheese - admin
[2020-07-19T18:30:51.692] [DEBUG] cheese - { inspect: [Function: inspect] }
[2020-07-19T18:30:51.692] [DEBUG] cheese - 查询失败
[2020-07-19T18:30:59.618] [DEBUG] cheese - login => username:admin,password:123456
[2020-07-19T18:30:59.636] [DEBUG] cheese - admin
[2020-07-19T18:31:00.672] [DEBUG] cheese - { inspect: [Function: inspect] }
[2020-07-19T18:31:00.672] [DEBUG] cheese - 查询失败
[2020-07-19T18:31:12.418] [DEBUG] cheese - login => username:admin,password:123456
[2020-07-19T18:31:12.419] [DEBUG] cheese - admin
[2020-07-19T18:31:13.424] [DEBUG] cheese - { inspect: [Function: inspect] }
[2020-07-19T18:31:13.424] [DEBUG] cheese - 查询失败
[2020-07-19T18:38:47.246] [DEBUG] cheese - login => username:admin,password:123456
[2020-07-19T18:38:47.393] [DEBUG] cheese - admin
[2020-07-19T18:38:48.658] [DEBUG] cheese - null
[2020-07-19T18:38:48.659] [DEBUG] cheese - null
[2020-07-19T19:02:10.235] [DEBUG] cheese - login => username:admin,password:123456
[2020-07-19T19:02:10.239] [DEBUG] cheese - admin
[2020-07-19T19:02:11.194] [DEBUG] cheese - null
[2020-07-19T19:02:11.196] [DEBUG] cheese - null
[2020-07-21T10:17:46.795] [DEBUG] cheese - login => username:admin,password:123456
[2020-07-21T10:17:46.856] [DEBUG] cheese - admin
[2020-07-21T10:17:56.595] [DEBUG] cheese - null
[2020-07-21T10:17:56.596] [DEBUG] cheese - null
[2020-07-24T20:58:43.845] [DEBUG] cheese - login => username:admin,password:123456
[2020-07-24T20:58:43.854] [DEBUG] cheese - admin
[2020-07-24T20:58:47.957] [DEBUG] cheese - null
[2020-07-24T20:58:47.960] [DEBUG] cheese - null
[2020-07-24T21:13:37.028] [DEBUG] cheese - login => username:admin1,password:123456
[2020-07-24T21:13:37.029] [DEBUG] cheese - admin1
[2020-07-24T21:13:37.035] [DEBUG] cheese - null
[2020-07-24T21:13:37.035] [DEBUG] cheese - null
[2020-07-24T21:13:42.818] [DEBUG] cheese - login => username:admin,password:123456
[2020-07-24T21:13:42.819] [DEBUG] cheese - admin
[2020-07-24T21:13:42.832] [DEBUG] cheese - null
[2020-07-24T21:13:42.832] [DEBUG] cheese - null
[2020-07-24T21:14:28.896] [DEBUG] cheese - login => username:admin,password:123456
[2020-07-24T21:14:28.896] [DEBUG] cheese - admin
[2020-07-24T21:14:28.908] [DEBUG] cheese - null
[2020-07-24T21:14:28.908] [DEBUG] cheese - null
[2020-07-24T21:16:03.794] [DEBUG] cheese - login => username:admin,password:123456
[2020-07-24T21:16:03.794] [DEBUG] cheese - admin
[2020-07-24T21:16:03.828] [DEBUG] cheese - null
[2020-07-24T21:16:03.828] [DEBUG] cheese - null
[2020-07-24T21:17:45.810] [DEBUG] cheese - login => username:admin,password:123456
[2020-07-24T21:17:45.810] [DEBUG] cheese - admin
[2020-07-24T21:17:45.824] [DEBUG] cheese - null
[2020-07-24T21:17:45.824] [DEBUG] cheese - null
[2020-07-24T21:18:04.265] [DEBUG] cheese - login => username:admin1,password:123456
[2020-07-24T21:18:04.265] [DEBUG] cheese - admin1
[2020-07-24T21:18:04.317] [DEBUG] cheese - null
[2020-07-24T21:18:04.317] [DEBUG] cheese - null
[2020-07-24T21:19:38.332] [DEBUG] cheese - login => username:admin,password:123456
[2020-07-24T21:19:38.333] [DEBUG] cheese - admin
[2020-07-24T21:19:38.382] [DEBUG] cheese - null
[2020-07-24T21:19:38.382] [DEBUG] cheese - null
[2020-07-24T21:19:56.642] [DEBUG] cheese - login => username:admin,password:123456
[2020-07-24T21:19:56.642] [DEBUG] cheese - admin
[2020-07-24T21:19:56.672] [DEBUG] cheese - null
[2020-07-24T21:19:56.672] [DEBUG] cheese - null
[2020-07-24T21:20:42.354] [DEBUG] cheese - login => username:admin,password:123456
[2020-07-24T21:20:42.354] [DEBUG] cheese - admin
[2020-07-24T21:20:42.369] [DEBUG] cheese - null
[2020-07-24T21:20:42.370] [DEBUG] cheese - null
[2020-07-24T21:20:51.625] [DEBUG] cheese - login => username:admin,password:admin123
[2020-07-24T21:20:51.625] [DEBUG] cheese - admin
[2020-07-24T21:20:51.639] [DEBUG] cheese - null
[2020-07-24T21:20:51.639] [DEBUG] cheese - null
[2020-07-24T21:21:31.992] [DEBUG] cheese - login => username:admin,password:123456
[2020-07-24T21:21:31.993] [DEBUG] cheese - admin
[2020-07-24T21:21:32.001] [DEBUG] cheese - null
[2020-07-24T21:21:32.001] [DEBUG] cheese - null
[2020-07-24T21:21:45.121] [DEBUG] cheese - login => username:admin,password:123456
[2020-07-24T21:21:45.122] [DEBUG] cheese - admin
[2020-07-24T21:21:45.166] [DEBUG] cheese - null
[2020-07-24T21:21:45.166] [DEBUG] cheese - null
[2020-07-24T21:21:57.983] [DEBUG] cheese - login => username:admin,password:123456
[2020-07-24T21:21:57.983] [DEBUG] cheese - admin
[2020-07-24T21:21:57.995] [DEBUG] cheese - null
[2020-07-24T21:21:57.995] [DEBUG] cheese - null
[2020-07-24T22:57:03.006] [DEBUG] cheese - login => username:admin,password:123456
[2020-07-24T22:57:03.015] [DEBUG] cheese - admin
[2020-07-24T22:57:03.278] [DEBUG] cheese - null
[2020-07-24T22:57:03.279] [DEBUG] cheese - null
[2020-07-24T22:57:40.123] [DEBUG] cheese - login => username:admin,password:123456
[2020-07-24T22:57:40.123] [DEBUG] cheese - admin
[2020-07-24T22:57:40.303] [DEBUG] cheese - null
[2020-07-24T22:57:40.303] [DEBUG] cheese - null
[2020-07-24T22:57:44.451] [DEBUG] cheese - login => username:admin1,password:123456
[2020-07-24T22:57:44.451] [DEBUG] cheese - admin1
[2020-07-24T22:57:44.521] [DEBUG] cheese - null
[2020-07-24T22:57:44.522] [DEBUG] cheese - null
[2020-07-24T23:04:27.731] [DEBUG] cheese - login => username:admin,password:123456
[2020-07-24T23:04:27.732] [DEBUG] cheese - admin
[2020-07-24T23:04:27.775] [DEBUG] cheese - null
[2020-07-24T23:04:27.775] [DEBUG] cheese - null
[2020-07-24T23:04:44.211] [DEBUG] cheese - login => username:admin,password:123456
[2020-07-24T23:04:44.212] [DEBUG] cheese - admin
[2020-07-24T23:04:44.244] [DEBUG] cheese - null
[2020-07-24T23:04:44.244] [DEBUG] cheese - null
[2020-07-24T23:07:33.609] [DEBUG] cheese - login => username:admin,password:123456
[2020-07-24T23:07:33.610] [DEBUG] cheese - admin
[2020-07-24T23:07:33.624] [DEBUG] cheese - null
[2020-07-24T23:07:33.624] [DEBUG] cheese - null
[2020-07-24T23:09:55.862] [DEBUG] cheese - login => username:admin,password:123456
[2020-07-24T23:09:55.863] [DEBUG] cheese - admin
[2020-07-24T23:09:55.874] [DEBUG] cheese - null
[2020-07-24T23:09:55.874] [DEBUG] cheese - null
[2020-07-24T23:17:50.184] [DEBUG] cheese - login => username:admin,password:123456
[2020-07-24T23:17:50.184] [DEBUG] cheese - admin
[2020-07-24T23:17:50.195] [DEBUG] cheese - null
[2020-07-24T23:17:50.195] [DEBUG] cheese - null
[2020-07-27T20:10:38.618] [DEBUG] cheese - login => username:admin,password:123456
[2020-07-27T20:10:38.633] [DEBUG] cheese - admin
[2020-07-27T20:10:38.979] [DEBUG] cheese - null
[2020-07-27T20:10:38.980] [DEBUG] cheese - null
